<?xml version="1.0" encoding="UTF-8"?>
<!-- Generated by org.testng.reporters.JUnitXMLReporter -->
<testsuite ignored="0" hostname="C02FWAWAMD6M" failures="5" tests="11" name="Surefire test" time="6.373" errors="0" timestamp="2024-08-29T23:20:37 IST">
  <testcase classname="io.cucumber.testng.AbstractTestNGCucumberTests" name="runScenario" time="1.797">
    <failure type="java.lang.AssertionError" message="expected [403] but found [200]">
      <![CDATA[java.lang.AssertionError: expected [403] but found [200]
at stepDefinitions.geolocationVerificationStepDefinition.theAPIShouldReturnAStatusCode(geolocationVerificationStepDefinition.java:47)
at ✽.the API should return a 200 status code(file:///Users/monikadubey/Downloads/GeolocationApiAutomation-master%202/src/test/resources/features/geolocationVerification.feature:6)
... Removed 7 stack frames]]>
    </failure>
  </testcase> <!-- runScenario -->
  <testcase classname="io.cucumber.testng.AbstractTestNGCucumberTests" name="runScenario" time="0.396">
    <failure type="java.lang.AssertionError" message="expected [403] but found [200]">
      <![CDATA[java.lang.AssertionError: expected [403] but found [200]
at stepDefinitions.geolocationVerificationStepDefinition.theAPIShouldReturnAStatusCode(geolocationVerificationStepDefinition.java:47)
at ✽.the API should return a 200 status code(file:///Users/monikadubey/Downloads/GeolocationApiAutomation-master%202/src/test/resources/features/geolocationVerification.feature:12)
... Removed 7 stack frames]]>
    </failure>
  </testcase> <!-- runScenario -->
  <testcase classname="io.cucumber.testng.AbstractTestNGCucumberTests" name="runScenario" time="0.674"/>
  <testcase classname="io.cucumber.testng.AbstractTestNGCucumberTests" name="runScenario" time="0.345"/>
  <testcase classname="io.cucumber.testng.AbstractTestNGCucumberTests" name="runScenario" time="0.357"/>
  <testcase classname="io.cucumber.testng.AbstractTestNGCucumberTests" name="runScenario" time="0.341"/>
  <testcase classname="io.cucumber.testng.AbstractTestNGCucumberTests" name="runScenario" time="0.31"/>
  <testcase classname="io.cucumber.testng.AbstractTestNGCucumberTests" name="runScenario" time="0.361"/>
  <testcase classname="io.cucumber.testng.AbstractTestNGCucumberTests" name="runScenario" time="0.361">
    <failure type="java.lang.AssertionError" message="expected [403] but found [404]">
      <![CDATA[java.lang.AssertionError: expected [403] but found [404]
at stepDefinitions.geolocationVerificationStepDefinition.theAPIShouldReturnAStatusCode(geolocationVerificationStepDefinition.java:47)
at ✽.the API should return a 404 status code(file:///Users/monikadubey/Downloads/GeolocationApiAutomation-master%202/src/test/resources/features/geolocationVerification.feature:54)
... Removed 7 stack frames]]>
    </failure>
  </testcase> <!-- runScenario -->
  <testcase classname="io.cucumber.testng.AbstractTestNGCucumberTests" name="runScenario" time="0.372">
    <failure type="java.lang.AssertionError" message="expected [403] but found [200]">
      <![CDATA[java.lang.AssertionError: expected [403] but found [200]
at stepDefinitions.geolocationVerificationStepDefinition.theAPIShouldReturnAStatusCode(geolocationVerificationStepDefinition.java:47)
at ✽.the API should return a 200 status code(file:///Users/monikadubey/Downloads/GeolocationApiAutomation-master%202/src/test/resources/features/geolocationVerification.feature:60)
... Removed 7 stack frames]]>
    </failure>
  </testcase> <!-- runScenario -->
  <testcase classname="io.cucumber.testng.AbstractTestNGCucumberTests" name="runScenario" time="0.33">
    <failure type="java.lang.AssertionError" message="expected [403] but found [200]">
      <![CDATA[java.lang.AssertionError: expected [403] but found [200]
at stepDefinitions.geolocationVerificationStepDefinition.theAPIShouldReturnAStatusCode(geolocationVerificationStepDefinition.java:47)
at ✽.the API should return a 200 status code(file:///Users/monikadubey/Downloads/GeolocationApiAutomation-master%202/src/test/resources/features/geolocationVerification.feature:66)
... Removed 7 stack frames]]>
    </failure>
  </testcase> <!-- runScenario -->
</testsuite> <!-- Surefire test -->
